\BOOKMARK [1][-]{section.1}{Introduction}{}% 1
\BOOKMARK [1][-]{section.2}{Background}{}% 2
\BOOKMARK [2][-]{subsection.2.1}{Bicategories and adjunction}{section.2}% 3
\BOOKMARK [2][-]{subsection.2.2}{Bicategory of Landau-Ginzburg models}{section.2}% 4
\BOOKMARK [2][-]{subsection.2.3}{Bar complex}{section.2}% 5
\BOOKMARK [2][-]{subsection.2.4}{Residues}{section.2}% 6
\BOOKMARK [2][-]{subsection.2.5}{Perturbation}{section.2}% 7
\BOOKMARK [2][-]{subsection.2.6}{Canonical morphisms}{section.2}% 8
\BOOKMARK [1][-]{section.3}{Atiyah classes}{}% 9
\BOOKMARK [1][-]{section.4}{Perturbation and inverting unit actions}{}% 10
\BOOKMARK [2][-]{subsection.4.1}{Inverses of unit actions}{section.4}% 11
\BOOKMARK [2][-]{subsection.4.2}{The lifting problem}{section.4}% 12
\BOOKMARK [1][-]{section.5}{Evaluation and coevaluation}{}% 13
\BOOKMARK [2][-]{subsection.5.1}{Coevaluation}{section.5}% 14
\BOOKMARK [2][-]{subsection.5.2}{Evaluation}{section.5}% 15
\BOOKMARK [1][-]{section.6}{Zorro moves}{}% 16
\BOOKMARK [1][-]{section.7}{Pivotality}{}% 17
\BOOKMARK [1][-]{section.8}{Defect action on bulk fields}{}% 18
\BOOKMARK [1][-]{section.9}{Open/closed topological field theory}{}% 19
\BOOKMARK [2][-]{subsection.9.1}{Cardy condition}{section.9}% 20
\BOOKMARK [1][-]{section.10}{Shadows}{}% 21
\BOOKMARK [1][-]{appendix.A}{Appendix A. A split monomorphism}{}% 22
\BOOKMARK [1][-]{appendix.B}{Appendix B. Homotopies and residues}{}% 23
\BOOKMARK [1][-]{appendix.C}{Appendix C. Independence of variable ordering}{}% 24
